[debug] [2020-04-14T21:10:45.217Z] ----------------------------------------------------------------------
[debug] [2020-04-14T21:10:45.221Z] Command:       C:\Program Files\nodejs\node.exe C:\Users\tavis\AppData\Roaming\npm\node_modules\firebase-tools\lib\bin\firebase.js init
[debug] [2020-04-14T21:10:45.221Z] CLI Version:   8.0.3
[debug] [2020-04-14T21:10:45.221Z] Platform:      win32
[debug] [2020-04-14T21:10:45.221Z] Node Version:  v12.16.1
[debug] [2020-04-14T21:10:45.223Z] Time:          Tue Apr 14 2020 16:10:45 GMT-0500 (Central Daylight Time)
[debug] [2020-04-14T21:10:45.223Z] ----------------------------------------------------------------------
[debug] [2020-04-14T21:10:45.223Z] 
[debug] [2020-04-14T21:10:45.232Z] > command requires scopes: ["email","openid","https://www.googleapis.com/auth/cloudplatformprojects.readonly","https://www.googleapis.com/auth/firebase","https://www.googleapis.com/auth/cloud-platform"]
[debug] [2020-04-14T21:10:45.232Z] > authorizing via signed-in user
[info] 
     ######## #### ########  ######## ########     ###     ######  ########
     ##        ##  ##     ## ##       ##     ##  ##   ##  ##       ##
     ######    ##  ########  ######   ########  #########  ######  ######
     ##        ##  ##    ##  ##       ##     ## ##     ##       ## ##
     ##       #### ##     ## ######## ########  ##     ##  ######  ########

You're about to initialize a Firebase project in this directory:

  C:\Users\tavis\OneDrive\Desktop\Coding\my-blog

Before we get started, keep in mind:

  * You are initializing in an existing Firebase project directory

